----------------------------------------------------------------
<<<<<<< HEAD
Wed Mar 15 14:09:54 CET 2017:
Booting Derby version The Apache Software Foundation - Apache Derby - 10.12.1.1 - (1704137): instance a816c00e-015a-d216-cec3-00000c18fb30 
on database directory C:\Users\Asger\Desktop\Datamatiker\CA2\CA2\Users with class loader sun.misc.Launcher$AppClassLoader@6bc7c054 
Loaded from file:/C:/Users/Asger/.m2/repository/org/apache/derby/derby/10.12.1.1/derby-10.12.1.1.jar
java.vendor=Oracle Corporation
java.runtime.version=1.8.0_102-b14
user.dir=C:\Users\Asger\Desktop\Datamatiker\CA2\CA2
=======
Wed Mar 15 14:08:45 CET 2017:
Booting Derby version The Apache Software Foundation - Apache Derby - 10.12.1.1 - (1704137): instance a816c00e-015a-d215-beda-00000a795d38 
on database directory C:\Users\Joacim.JVELT\Desktop\ca2\CA2\Users with class loader sun.misc.Launcher$AppClassLoader@6bc7c054 
Loaded from file:/C:/Users/Joacim.JVELT/.m2/repository/org/apache/derby/derby/10.12.1.1/derby-10.12.1.1.jar
java.vendor=Sun Microsystems Inc.
java.runtime.version=1.8.0_77-b03
user.dir=C:\Users\Joacim.JVELT\Desktop\ca2\CA2
>>>>>>> 22ecd4df5c8de88edafeb9059190ea0e9888aecb
os.name=Windows 10
os.arch=amd64
os.version=10.0
derby.system.home=null
Database Class Loader started - derby.database.classpath=''
